<?xml version="1.0" encoding="UTF-8"?>
<!-- Generated by org.testng.reporters.JUnitReportReporter -->
<testsuite hostname="Rithvik" failures="0" tests="1" name="testCases.TC002_LoginTest" time="6.590" errors="0" timestamp="2024-10-22T17:41:08 IST" skipped="0">
  <testcase classname="testCases.TC002_LoginTest" name="verify_login" time="6.590"/>
</testsuite> <!-- testCases.TC002_LoginTest -->
