<?xml version="1.0" encoding="UTF-8"?>
<!-- Generated by org.testng.reporters.JUnitReportReporter -->
<testsuite hostname="Rithvik" failures="0" tests="1" name="testCases.TC001_AccountRegistrationTest" time="7.964" errors="0" timestamp="2024-10-22T17:41:08 IST" skipped="0">
  <testcase classname="testCases.TC001_AccountRegistrationTest" name="verify_account_registration" time="7.964"/>
</testsuite> <!-- testCases.TC001_AccountRegistrationTest -->
