<?xml version="1.0" encoding="UTF-8"?>
<!-- Generated by org.testng.reporters.JUnitReportReporter -->
<testsuite hostname="Rithvik" failures="0" tests="5" name="testCases.TC003_LoginDDT" time="33.685" errors="0" timestamp="2024-10-22T11:39:57 IST" skipped="0">
  <testcase classname="testCases.TC003_LoginDDT" name="verify_login" time="6.575"/>
  <testcase classname="testCases.TC003_LoginDDT" name="verify_login" time="7.069"/>
  <testcase classname="testCases.TC003_LoginDDT" name="verify_login" time="7.405"/>
  <testcase classname="testCases.TC003_LoginDDT" name="verify_login" time="6.428"/>
  <testcase classname="testCases.TC003_LoginDDT" name="verify_login" time="6.208"/>
</testsuite> <!-- testCases.TC003_LoginDDT -->
