<?xml version="1.0" encoding="UTF-8"?>
<!-- Generated by org.testng.reporters.JUnitReportReporter -->
<testsuite hostname="Rithvik" failures="0" tests="1" name="testCases.TC002_LoginTest" time="6.603" errors="0" timestamp="2024-10-24T10:46:24 IST" skipped="0">
  <testcase classname="testCases.TC002_LoginTest" name="verify_login" time="6.603"/>
</testsuite> <!-- testCases.TC002_LoginTest -->
