<?xml version="1.0" encoding="UTF-8"?>
<!-- Generated by org.testng.reporters.JUnitReportReporter -->
<testsuite hostname="Rithvik" failures="0" tests="1" name="testCases.TC001_AccountRegistrationTest" time="7.462" errors="0" timestamp="2024-10-24T10:46:24 IST" skipped="0">
  <testcase classname="testCases.TC001_AccountRegistrationTest" name="verify_account_registration" time="7.462"/>
</testsuite> <!-- testCases.TC001_AccountRegistrationTest -->
